INFO:sim:172 - Generating IP...
Resolving generics for 'internalRAM'...
Applying external generics to 'internalRAM'...
Delivering associated files for 'internalRAM'...
Delivering EJava files for 'internalRAM'...
Generating implementation netlist for 'internalRAM'...
INFO:sim - Pre-processing HDL files for 'internalRAM'...
Running synthesis for 'internalRAM'
Running ngcbuild...
Writing VHO instantiation template for 'internalRAM'...
Writing VHDL behavioral simulation model for 'internalRAM'...
WARNING:sim - Overwriting existing file
   D:/FpgaProjects/LogicAnalyzer/ipcore_dir/tmp/_cg/internalRAM/doc/blk_mem_gen_
   v7_3_vinfo.html with file from view xilinx_documentation
Delivered 1 file into directory
D:/FpgaProjects/LogicAnalyzer/ipcore_dir/tmp/_cg/internalRAM
Generating ASY schematic symbol...
INFO:sim:949 - Finished generation of ASY schematic symbol.
Generating SYM schematic symbol for 'internalRAM'...
Generating metadata file...
Generating ISE project file for 'internalRAM'...
Generating ISE project...
XCO file found: internalRAM.xco
XMDF file found: internalRAM_xmdf.tcl
Adding D:/FpgaProjects/LogicAnalyzer/ipcore_dir/tmp/_cg/internalRAM.asy -view
all -origin_type imported
Adding D:/FpgaProjects/LogicAnalyzer/ipcore_dir/tmp/_cg/internalRAM.ngc -view
all -origin_type created
Checking file "D:/FpgaProjects/LogicAnalyzer/ipcore_dir/tmp/_cg/internalRAM.ngc"
for project device match ...
File "D:/FpgaProjects/LogicAnalyzer/ipcore_dir/tmp/_cg/internalRAM.ngc" device
information matches project device.
Adding D:/FpgaProjects/LogicAnalyzer/ipcore_dir/tmp/_cg/internalRAM.sym -view
all -origin_type imported
Adding D:/FpgaProjects/LogicAnalyzer/ipcore_dir/tmp/_cg/internalRAM.vhd -view
all -origin_type created
INFO:HDLCompiler:1061 - Parsing VHDL file
   "D:/FpgaProjects/LogicAnalyzer/ipcore_dir/tmp/_cg/internalRAM.vhd" into
   library work
INFO:ProjectMgmt - Parsing design hierarchy completed successfully.
Adding D:/FpgaProjects/LogicAnalyzer/ipcore_dir/tmp/_cg/internalRAM.vho -view
all -origin_type imported
INFO:TclTasksC:2116 - The automatic calculation of top has been turned-off.
   Please set the new top explicitly by running the "project set top" command.
   To re-calculate the new top automatically, set the "Auto Implementation Top"
   property to true.
Top level has been set to "/internalRAM"
Generating README file...
Generating FLIST file...
INFO:sim:948 - Finished FLIST file generation.
Launching README viewer...
Moving files to output directory...
Finished moving files to output directory
Wrote CGP file for project 'internalRAM'.
